<?xml version="1.0" encoding="UTF-8"?>
<testng-results total="3" passed="3" failed="0" skipped="0">
  <reporter-output>
  </reporter-output>
  <suite started-at="2025-07-30T05:00:41Z" name="Default suite" finished-at="2025-07-30T05:00:56Z" duration-ms="14131">
    <groups>
    </groups>
    <test started-at="2025-07-30T05:00:41Z" name="Default test" finished-at="2025-07-30T05:00:56Z" duration-ms="14131">
      <class name="khushiProj.data.Provider1">
        <test-method is-config="true" signature="setUp()[pri:0, instance:khushiProj.data.Provider1@4c60d6e9]" started-at="2025-07-30T10:30:41Z" name="setUp" finished-at="2025-07-30T10:30:44Z" duration-ms="2601" status="PASS">
          <reporter-output>
          </reporter-output>
        </test-method> <!-- setUp -->
        <test-method signature="loginTest(java.lang.String, java.lang.String)[pri:0, instance:khushiProj.data.Provider1@4c60d6e9]" started-at="2025-07-30T10:30:44Z" name="loginTest" data-provider="loginData" finished-at="2025-07-30T10:30:47Z" duration-ms="2520" status="PASS">
          <params>
            <param index="0">
              <value>
                <![CDATA[khushi1@gmail.com]]>
              </value>
            </param>
            <param index="1">
              <value>
                <![CDATA[abc@123]]>
              </value>
            </param>
          </params>
          <reporter-output>
          </reporter-output>
        </test-method> <!-- loginTest -->
        <test-method is-config="true" signature="tearDown()[pri:0, instance:khushiProj.data.Provider1@4c60d6e9]" started-at="2025-07-30T10:30:47Z" name="tearDown" finished-at="2025-07-30T10:30:47Z" duration-ms="1" status="PASS">
          <reporter-output>
          </reporter-output>
        </test-method> <!-- tearDown -->
        <test-method is-config="true" signature="setUp()[pri:0, instance:khushiProj.data.Provider1@4c60d6e9]" started-at="2025-07-30T10:30:47Z" name="setUp" finished-at="2025-07-30T10:30:49Z" duration-ms="2019" status="PASS">
          <reporter-output>
          </reporter-output>
        </test-method> <!-- setUp -->
        <test-method signature="loginTest(java.lang.String, java.lang.String)[pri:0, instance:khushiProj.data.Provider1@4c60d6e9]" started-at="2025-07-30T10:30:49Z" name="loginTest" data-provider="loginData" finished-at="2025-07-30T10:30:51Z" duration-ms="2459" status="PASS">
          <params>
            <param index="0">
              <value>
                <![CDATA[Hit2@gmail.com]]>
              </value>
            </param>
            <param index="1">
              <value>
                <![CDATA[khushi@123]]>
              </value>
            </param>
          </params>
          <reporter-output>
          </reporter-output>
        </test-method> <!-- loginTest -->
        <test-method is-config="true" signature="tearDown()[pri:0, instance:khushiProj.data.Provider1@4c60d6e9]" started-at="2025-07-30T10:30:51Z" name="tearDown" finished-at="2025-07-30T10:30:51Z" duration-ms="0" status="PASS">
          <reporter-output>
          </reporter-output>
        </test-method> <!-- tearDown -->
        <test-method is-config="true" signature="setUp()[pri:0, instance:khushiProj.data.Provider1@4c60d6e9]" started-at="2025-07-30T10:30:51Z" name="setUp" finished-at="2025-07-30T10:30:53Z" duration-ms="2006" status="PASS">
          <reporter-output>
          </reporter-output>
        </test-method> <!-- setUp -->
        <test-method signature="loginTest(java.lang.String, java.lang.String)[pri:0, instance:khushiProj.data.Provider1@4c60d6e9]" started-at="2025-07-30T10:30:53Z" name="loginTest" data-provider="loginData" finished-at="2025-07-30T10:30:56Z" duration-ms="2487" status="PASS">
          <params>
            <param index="0">
              <value>
                <![CDATA[Jyoti@gmail.com]]>
              </value>
            </param>
            <param index="1">
              <value>
                <![CDATA[Jyo@123]]>
              </value>
            </param>
          </params>
          <reporter-output>
          </reporter-output>
        </test-method> <!-- loginTest -->
        <test-method is-config="true" signature="tearDown()[pri:0, instance:khushiProj.data.Provider1@4c60d6e9]" started-at="2025-07-30T10:30:56Z" name="tearDown" finished-at="2025-07-30T10:30:56Z" duration-ms="0" status="PASS">
          <reporter-output>
          </reporter-output>
        </test-method> <!-- tearDown -->
      </class> <!-- khushiProj.data.Provider1 -->
    </test> <!-- Default test -->
  </suite> <!-- Default suite -->
</testng-results>
