<?xml version="1.0" encoding="UTF-8"?>
<!-- Generated by org.testng.reporters.JUnitXMLReporter -->
<testsuite hostname="LAPTOP-ETMNRLTD" failures="0" tests="3" name="Default test" time="14.131" errors="0" timestamp="30 Jul 2025 05:00:56 GMT">
  <testcase classname="khushiProj.data.Provider1" name="loginTest" time="2.52"/>
  <testcase classname="khushiProj.data.Provider1" name="loginTest" time="2.459"/>
  <testcase classname="khushiProj.data.Provider1" name="loginTest" time="2.487"/>
</testsuite> <!-- Default test -->
